g:\winter2023\engines4\componentframework23.0.5\componentframework\debug\vc143.pdb
g:\winter2023\engines4\componentframework23.0.5\componentframework\debug\vc143.idb
g:\winter2023\engines4\componentframework23.0.5\componentframework\debug\window.obj
g:\winter2023\engines4\componentframework23.0.5\componentframework\debug\transformcomponent.obj
g:\winter2023\engines4\componentframework23.0.5\componentframework\debug\timer.obj
g:\winter2023\engines4\componentframework23.0.5\componentframework\debug\shadercomponent.obj
g:\winter2023\engines4\componentframework23.0.5\componentframework\debug\scene0.obj
g:\winter2023\engines4\componentframework23.0.5\componentframework\debug\main.obj
g:\winter2023\engines4\componentframework23.0.5\componentframework\debug\scenemanager.obj
g:\winter2023\engines4\componentframework23.0.5\componentframework\debug\meshcomponent.obj
g:\winter2023\engines4\componentframework23.0.5\componentframework\debug\materialcomponent.obj
g:\winter2023\engines4\componentframework23.0.5\componentframework\debug\lightactor.obj
g:\winter2023\engines4\componentframework23.0.5\componentframework\debug\debug.obj
g:\winter2023\engines4\componentframework23.0.5\componentframework\debug\cameraactor.obj
g:\winter2023\engines4\componentframework23.0.5\componentframework\debug\actor.obj
g:\summer2023\game258\componentframework23.0.day6\componentframework\debug\vc143.pdb
g:\summer2023\game258\componentframework23.0.day6\componentframework\debug\vc143.idb
g:\summer2023\game258\componentframework23.0.day6\componentframework\debug\window.obj
g:\summer2023\game258\componentframework23.0.day6\componentframework\debug\transformcomponent.obj
g:\summer2023\game258\componentframework23.0.day6\componentframework\debug\timer.obj
g:\summer2023\game258\componentframework23.0.day6\componentframework\debug\shadercomponent.obj
g:\summer2023\game258\componentframework23.0.day6\componentframework\debug\scene0.obj
g:\summer2023\game258\componentframework23.0.day6\componentframework\debug\main.obj
g:\summer2023\game258\componentframework23.0.day6\componentframework\debug\scenemanager.obj
g:\summer2023\game258\componentframework23.0.day6\componentframework\debug\meshcomponent.obj
g:\summer2023\game258\componentframework23.0.day6\componentframework\debug\materialcomponent.obj
g:\summer2023\game258\componentframework23.0.day6\componentframework\debug\lightactor.obj
g:\summer2023\game258\componentframework23.0.day6\componentframework\debug\debug.obj
g:\summer2023\game258\componentframework23.0.day6\componentframework\debug\cameraactor.obj
g:\summer2023\game258\componentframework23.0.day6\componentframework\debug\actor.obj
g:\winter2023\engines4\componentframework23.0.5\debug\componentframework.exe
g:\winter2023\engines4\componentframework23.0.5\componentframework\debug\componentframework.ilk
g:\winter2023\engines4\componentframework23.0.5\debug\componentframework.pdb
g:\summer2023\game258\componentframework23.0.day6\debug\componentframework.exe
g:\summer2023\game258\componentframework23.0.day6\componentframework\debug\componentframework.ilk
g:\summer2023\game258\componentframework23.0.day6\debug\componentframework.pdb
g:\summer2023\game258\componentframework23.0.day6\componentframework\debug\componen.614c2865.tlog\cl.command.1.tlog
g:\summer2023\game258\componentframework23.0.day6\componentframework\debug\componen.614c2865.tlog\cl.read.1.tlog
g:\summer2023\game258\componentframework23.0.day6\componentframework\debug\componen.614c2865.tlog\cl.write.1.tlog
g:\summer2023\game258\componentframework23.0.day6\componentframework\debug\componen.614c2865.tlog\link.command.1.tlog
g:\summer2023\game258\componentframework23.0.day6\componentframework\debug\componen.614c2865.tlog\link.read.1.tlog
g:\summer2023\game258\componentframework23.0.day6\componentframework\debug\componen.614c2865.tlog\link.write.1.tlog
